[2022-11-29 17:28:06] production.ERROR: SQLSTATE[HY000] [2002] No connection could be made because the target machine actively refused it (SQL: select count(*) as aggregate from `updating` where `updating_status` = new and `updating_type` = modal) {"exception":"[object] (Illuminate\\Database\\QueryException(code: 2002): SQLSTATE[HY000] [2002] No connection could be made because the target machine actively refused it (SQL: select count(*) as aggregate from `updating` where `updating_status` = new and `updating_type` = modal) at E:\\retsmd\\leadmanagement\\application\\vendor\\laravel\\framework\\src\\Illuminate\\Database\\Connection.php:712)
[stacktrace]
#0 E:\\retsmd\\leadmanagement\\application\\vendor\\laravel\\framework\\src\\Illuminate\\Database\\Connection.php(672): Illuminate\\Database\\Connection->runQueryCallback('select count(*)...', Array, Object(Closure))
#1 E:\\retsmd\\leadmanagement\\application\\vendor\\laravel\\framework\\src\\Illuminate\\Database\\Connection.php(376): Illuminate\\Database\\Connection->run('select count(*)...', Array, Object(Closure))
#2 E:\\retsmd\\leadmanagement\\application\\vendor\\laravel\\framework\\src\\Illuminate\\Database\\Query\\Builder.php(2414): Illuminate\\Database\\Connection->select('select count(*)...', Array, true)
#3 E:\\retsmd\\leadmanagement\\application\\vendor\\laravel\\framework\\src\\Illuminate\\Database\\Query\\Builder.php(2402): Illuminate\\Database\\Query\\Builder->runSelect()
#4 E:\\retsmd\\leadmanagement\\application\\vendor\\laravel\\framework\\src\\Illuminate\\Database\\Query\\Builder.php(2936): Illuminate\\Database\\Query\\Builder->Illuminate\\Database\\Query\\{closure}()
#5 E:\\retsmd\\leadmanagement\\application\\vendor\\laravel\\framework\\src\\Illuminate\\Database\\Query\\Builder.php(2403): Illuminate\\Database\\Query\\Builder->onceWithColumns(Array, Object(Closure))
#6 E:\\retsmd\\leadmanagement\\application\\vendor\\laravel\\framework\\src\\Illuminate\\Database\\Query\\Builder.php(2863): Illuminate\\Database\\Query\\Builder->get(Array)
#7 E:\\retsmd\\leadmanagement\\application\\vendor\\laravel\\framework\\src\\Illuminate\\Database\\Query\\Builder.php(2791): Illuminate\\Database\\Query\\Builder->aggregate('count', Array)
#8 E:\\retsmd\\leadmanagement\\application\\vendor\\laravel\\framework\\src\\Illuminate\\Database\\Eloquent\\Builder.php(1657): Illuminate\\Database\\Query\\Builder->count()
#9 E:\\retsmd\\leadmanagement\\application\\app\\Providers\\UpdateServiceProvider.php(106): Illuminate\\Database\\Eloquent\\Builder->__call('count', Array)
#10 E:\\retsmd\\leadmanagement\\application\\vendor\\laravel\\framework\\src\\Illuminate\\Container\\BoundMethod.php(36): App\\Providers\\UpdateServiceProvider->boot()
#11 E:\\retsmd\\leadmanagement\\application\\vendor\\laravel\\framework\\src\\Illuminate\\Container\\Util.php(40): Illuminate\\Container\\BoundMethod::Illuminate\\Container\\{closure}()
#12 E:\\retsmd\\leadmanagement\\application\\vendor\\laravel\\framework\\src\\Illuminate\\Container\\BoundMethod.php(93): Illuminate\\Container\\Util::unwrapIfClosure(Object(Closure))
#13 E:\\retsmd\\leadmanagement\\application\\vendor\\laravel\\framework\\src\\Illuminate\\Container\\BoundMethod.php(37): Illuminate\\Container\\BoundMethod::callBoundMethod(Object(Illuminate\\Foundation\\Application), Array, Object(Closure))
#14 E:\\retsmd\\leadmanagement\\application\\vendor\\laravel\\framework\\src\\Illuminate\\Container\\Container.php(653): Illuminate\\Container\\BoundMethod::call(Object(Illuminate\\Foundation\\Application), Array, Array, NULL)
#15 E:\\retsmd\\leadmanagement\\application\\vendor\\laravel\\framework\\src\\Illuminate\\Foundation\\Application.php(924): Illuminate\\Container\\Container->call(Array)
#16 E:\\retsmd\\leadmanagement\\application\\vendor\\laravel\\framework\\src\\Illuminate\\Foundation\\Application.php(905): Illuminate\\Foundation\\Application->bootProvider(Object(App\\Providers\\UpdateServiceProvider))
#17 [internal function]: Illuminate\\Foundation\\Application->Illuminate\\Foundation\\{closure}(Object(App\\Providers\\UpdateServiceProvider), 31)
#18 E:\\retsmd\\leadmanagement\\application\\vendor\\laravel\\framework\\src\\Illuminate\\Foundation\\Application.php(906): array_walk(Array, Object(Closure))
#19 E:\\retsmd\\leadmanagement\\application\\vendor\\laravel\\framework\\src\\Illuminate\\Foundation\\Bootstrap\\BootProviders.php(17): Illuminate\\Foundation\\Application->boot()
#20 E:\\retsmd\\leadmanagement\\application\\vendor\\laravel\\framework\\src\\Illuminate\\Foundation\\Application.php(237): Illuminate\\Foundation\\Bootstrap\\BootProviders->bootstrap(Object(Illuminate\\Foundation\\Application))
#21 E:\\retsmd\\leadmanagement\\application\\vendor\\laravel\\framework\\src\\Illuminate\\Foundation\\Console\\Kernel.php(310): Illuminate\\Foundation\\Application->bootstrapWith(Array)
#22 E:\\retsmd\\leadmanagement\\application\\vendor\\laravel\\framework\\src\\Illuminate\\Foundation\\Console\\Kernel.php(127): Illuminate\\Foundation\\Console\\Kernel->bootstrap()
#23 E:\\retsmd\\leadmanagement\\application\\artisan(37): Illuminate\\Foundation\\Console\\Kernel->handle(Object(Symfony\\Component\\Console\\Input\\ArgvInput), Object(Symfony\\Component\\Console\\Output\\ConsoleOutput))
#24 {main}

[previous exception] [object] (PDOException(code: 2002): SQLSTATE[HY000] [2002] No connection could be made because the target machine actively refused it at E:\\retsmd\\leadmanagement\\application\\vendor\\laravel\\framework\\src\\Illuminate\\Database\\Connectors\\Connector.php:70)
[stacktrace]
#0 E:\\retsmd\\leadmanagement\\application\\vendor\\laravel\\framework\\src\\Illuminate\\Database\\Connectors\\Connector.php(70): PDO->__construct('mysql:host=loca...', 'u716989511_lead', 'B1sm1ll4h#@!098...', Array)
#1 E:\\retsmd\\leadmanagement\\application\\vendor\\laravel\\framework\\src\\Illuminate\\Database\\Connectors\\Connector.php(46): Illuminate\\Database\\Connectors\\Connector->createPdoConnection('mysql:host=loca...', 'u716989511_lead', 'B1sm1ll4h#@!098...', Array)
#2 E:\\retsmd\\leadmanagement\\application\\vendor\\laravel\\framework\\src\\Illuminate\\Database\\Connectors\\MySqlConnector.php(24): Illuminate\\Database\\Connectors\\Connector->createConnection('mysql:host=loca...', Array, Array)
#3 E:\\retsmd\\leadmanagement\\application\\vendor\\laravel\\framework\\src\\Illuminate\\Database\\Connectors\\ConnectionFactory.php(184): Illuminate\\Database\\Connectors\\MySqlConnector->connect(Array)
#4 [internal function]: Illuminate\\Database\\Connectors\\ConnectionFactory->Illuminate\\Database\\Connectors\\{closure}()
#5 E:\\retsmd\\leadmanagement\\application\\vendor\\laravel\\framework\\src\\Illuminate\\Database\\Connection.php(1064): call_user_func(Object(Closure))
#6 E:\\retsmd\\leadmanagement\\application\\vendor\\laravel\\framework\\src\\Illuminate\\Database\\Connection.php(1100): Illuminate\\Database\\Connection->getPdo()
#7 E:\\retsmd\\leadmanagement\\application\\vendor\\laravel\\framework\\src\\Illuminate\\Database\\Connection.php(442): Illuminate\\Database\\Connection->getReadPdo()
#8 E:\\retsmd\\leadmanagement\\application\\vendor\\laravel\\framework\\src\\Illuminate\\Database\\Connection.php(368): Illuminate\\Database\\Connection->getPdoForSelect(true)
#9 E:\\retsmd\\leadmanagement\\application\\vendor\\laravel\\framework\\src\\Illuminate\\Database\\Connection.php(705): Illuminate\\Database\\Connection->Illuminate\\Database\\{closure}('select count(*)...', Array)
#10 E:\\retsmd\\leadmanagement\\application\\vendor\\laravel\\framework\\src\\Illuminate\\Database\\Connection.php(672): Illuminate\\Database\\Connection->runQueryCallback('select count(*)...', Array, Object(Closure))
#11 E:\\retsmd\\leadmanagement\\application\\vendor\\laravel\\framework\\src\\Illuminate\\Database\\Connection.php(376): Illuminate\\Database\\Connection->run('select count(*)...', Array, Object(Closure))
#12 E:\\retsmd\\leadmanagement\\application\\vendor\\laravel\\framework\\src\\Illuminate\\Database\\Query\\Builder.php(2414): Illuminate\\Database\\Connection->select('select count(*)...', Array, true)
#13 E:\\retsmd\\leadmanagement\\application\\vendor\\laravel\\framework\\src\\Illuminate\\Database\\Query\\Builder.php(2402): Illuminate\\Database\\Query\\Builder->runSelect()
#14 E:\\retsmd\\leadmanagement\\application\\vendor\\laravel\\framework\\src\\Illuminate\\Database\\Query\\Builder.php(2936): Illuminate\\Database\\Query\\Builder->Illuminate\\Database\\Query\\{closure}()
#15 E:\\retsmd\\leadmanagement\\application\\vendor\\laravel\\framework\\src\\Illuminate\\Database\\Query\\Builder.php(2403): Illuminate\\Database\\Query\\Builder->onceWithColumns(Array, Object(Closure))
#16 E:\\retsmd\\leadmanagement\\application\\vendor\\laravel\\framework\\src\\Illuminate\\Database\\Query\\Builder.php(2863): Illuminate\\Database\\Query\\Builder->get(Array)
#17 E:\\retsmd\\leadmanagement\\application\\vendor\\laravel\\framework\\src\\Illuminate\\Database\\Query\\Builder.php(2791): Illuminate\\Database\\Query\\Builder->aggregate('count', Array)
#18 E:\\retsmd\\leadmanagement\\application\\vendor\\laravel\\framework\\src\\Illuminate\\Database\\Eloquent\\Builder.php(1657): Illuminate\\Database\\Query\\Builder->count()
#19 E:\\retsmd\\leadmanagement\\application\\app\\Providers\\UpdateServiceProvider.php(106): Illuminate\\Database\\Eloquent\\Builder->__call('count', Array)
#20 E:\\retsmd\\leadmanagement\\application\\vendor\\laravel\\framework\\src\\Illuminate\\Container\\BoundMethod.php(36): App\\Providers\\UpdateServiceProvider->boot()
#21 E:\\retsmd\\leadmanagement\\application\\vendor\\laravel\\framework\\src\\Illuminate\\Container\\Util.php(40): Illuminate\\Container\\BoundMethod::Illuminate\\Container\\{closure}()
#22 E:\\retsmd\\leadmanagement\\application\\vendor\\laravel\\framework\\src\\Illuminate\\Container\\BoundMethod.php(93): Illuminate\\Container\\Util::unwrapIfClosure(Object(Closure))
#23 E:\\retsmd\\leadmanagement\\application\\vendor\\laravel\\framework\\src\\Illuminate\\Container\\BoundMethod.php(37): Illuminate\\Container\\BoundMethod::callBoundMethod(Object(Illuminate\\Foundation\\Application), Array, Object(Closure))
#24 E:\\retsmd\\leadmanagement\\application\\vendor\\laravel\\framework\\src\\Illuminate\\Container\\Container.php(653): Illuminate\\Container\\BoundMethod::call(Object(Illuminate\\Foundation\\Application), Array, Array, NULL)
#25 E:\\retsmd\\leadmanagement\\application\\vendor\\laravel\\framework\\src\\Illuminate\\Foundation\\Application.php(924): Illuminate\\Container\\Container->call(Array)
#26 E:\\retsmd\\leadmanagement\\application\\vendor\\laravel\\framework\\src\\Illuminate\\Foundation\\Application.php(905): Illuminate\\Foundation\\Application->bootProvider(Object(App\\Providers\\UpdateServiceProvider))
#27 [internal function]: Illuminate\\Foundation\\Application->Illuminate\\Foundation\\{closure}(Object(App\\Providers\\UpdateServiceProvider), 31)
#28 E:\\retsmd\\leadmanagement\\application\\vendor\\laravel\\framework\\src\\Illuminate\\Foundation\\Application.php(906): array_walk(Array, Object(Closure))
#29 E:\\retsmd\\leadmanagement\\application\\vendor\\laravel\\framework\\src\\Illuminate\\Foundation\\Bootstrap\\BootProviders.php(17): Illuminate\\Foundation\\Application->boot()
#30 E:\\retsmd\\leadmanagement\\application\\vendor\\laravel\\framework\\src\\Illuminate\\Foundation\\Application.php(237): Illuminate\\Foundation\\Bootstrap\\BootProviders->bootstrap(Object(Illuminate\\Foundation\\Application))
#31 E:\\retsmd\\leadmanagement\\application\\vendor\\laravel\\framework\\src\\Illuminate\\Foundation\\Console\\Kernel.php(310): Illuminate\\Foundation\\Application->bootstrapWith(Array)
#32 E:\\retsmd\\leadmanagement\\application\\vendor\\laravel\\framework\\src\\Illuminate\\Foundation\\Console\\Kernel.php(127): Illuminate\\Foundation\\Console\\Kernel->bootstrap()
#33 E:\\retsmd\\leadmanagement\\application\\artisan(37): Illuminate\\Foundation\\Console\\Kernel->handle(Object(Symfony\\Component\\Console\\Input\\ArgvInput), Object(Symfony\\Component\\Console\\Output\\ConsoleOutput))
#34 {main}
"} 
[2022-11-29 17:30:25] production.ERROR: SQLSTATE[HY000] [2002] No connection could be made because the target machine actively refused it (SQL: select count(*) as aggregate from `updating` where `updating_status` = new and `updating_type` = modal) {"exception":"[object] (Illuminate\\Database\\QueryException(code: 2002): SQLSTATE[HY000] [2002] No connection could be made because the target machine actively refused it (SQL: select count(*) as aggregate from `updating` where `updating_status` = new and `updating_type` = modal) at E:\\retsmd\\leadmanagement\\application\\vendor\\laravel\\framework\\src\\Illuminate\\Database\\Connection.php:712)
[stacktrace]
#0 E:\\retsmd\\leadmanagement\\application\\vendor\\laravel\\framework\\src\\Illuminate\\Database\\Connection.php(672): Illuminate\\Database\\Connection->runQueryCallback('select count(*)...', Array, Object(Closure))
#1 E:\\retsmd\\leadmanagement\\application\\vendor\\laravel\\framework\\src\\Illuminate\\Database\\Connection.php(376): Illuminate\\Database\\Connection->run('select count(*)...', Array, Object(Closure))
#2 E:\\retsmd\\leadmanagement\\application\\vendor\\laravel\\framework\\src\\Illuminate\\Database\\Query\\Builder.php(2414): Illuminate\\Database\\Connection->select('select count(*)...', Array, true)
#3 E:\\retsmd\\leadmanagement\\application\\vendor\\laravel\\framework\\src\\Illuminate\\Database\\Query\\Builder.php(2402): Illuminate\\Database\\Query\\Builder->runSelect()
#4 E:\\retsmd\\leadmanagement\\application\\vendor\\laravel\\framework\\src\\Illuminate\\Database\\Query\\Builder.php(2936): Illuminate\\Database\\Query\\Builder->Illuminate\\Database\\Query\\{closure}()
#5 E:\\retsmd\\leadmanagement\\application\\vendor\\laravel\\framework\\src\\Illuminate\\Database\\Query\\Builder.php(2403): Illuminate\\Database\\Query\\Builder->onceWithColumns(Array, Object(Closure))
#6 E:\\retsmd\\leadmanagement\\application\\vendor\\laravel\\framework\\src\\Illuminate\\Database\\Query\\Builder.php(2863): Illuminate\\Database\\Query\\Builder->get(Array)
#7 E:\\retsmd\\leadmanagement\\application\\vendor\\laravel\\framework\\src\\Illuminate\\Database\\Query\\Builder.php(2791): Illuminate\\Database\\Query\\Builder->aggregate('count', Array)
#8 E:\\retsmd\\leadmanagement\\application\\vendor\\laravel\\framework\\src\\Illuminate\\Database\\Eloquent\\Builder.php(1657): Illuminate\\Database\\Query\\Builder->count()
#9 E:\\retsmd\\leadmanagement\\application\\app\\Providers\\UpdateServiceProvider.php(106): Illuminate\\Database\\Eloquent\\Builder->__call('count', Array)
#10 E:\\retsmd\\leadmanagement\\application\\vendor\\laravel\\framework\\src\\Illuminate\\Container\\BoundMethod.php(36): App\\Providers\\UpdateServiceProvider->boot()
#11 E:\\retsmd\\leadmanagement\\application\\vendor\\laravel\\framework\\src\\Illuminate\\Container\\Util.php(40): Illuminate\\Container\\BoundMethod::Illuminate\\Container\\{closure}()
#12 E:\\retsmd\\leadmanagement\\application\\vendor\\laravel\\framework\\src\\Illuminate\\Container\\BoundMethod.php(93): Illuminate\\Container\\Util::unwrapIfClosure(Object(Closure))
#13 E:\\retsmd\\leadmanagement\\application\\vendor\\laravel\\framework\\src\\Illuminate\\Container\\BoundMethod.php(37): Illuminate\\Container\\BoundMethod::callBoundMethod(Object(Illuminate\\Foundation\\Application), Array, Object(Closure))
#14 E:\\retsmd\\leadmanagement\\application\\vendor\\laravel\\framework\\src\\Illuminate\\Container\\Container.php(653): Illuminate\\Container\\BoundMethod::call(Object(Illuminate\\Foundation\\Application), Array, Array, NULL)
#15 E:\\retsmd\\leadmanagement\\application\\vendor\\laravel\\framework\\src\\Illuminate\\Foundation\\Application.php(924): Illuminate\\Container\\Container->call(Array)
#16 E:\\retsmd\\leadmanagement\\application\\vendor\\laravel\\framework\\src\\Illuminate\\Foundation\\Application.php(905): Illuminate\\Foundation\\Application->bootProvider(Object(App\\Providers\\UpdateServiceProvider))
#17 [internal function]: Illuminate\\Foundation\\Application->Illuminate\\Foundation\\{closure}(Object(App\\Providers\\UpdateServiceProvider), 31)
#18 E:\\retsmd\\leadmanagement\\application\\vendor\\laravel\\framework\\src\\Illuminate\\Foundation\\Application.php(906): array_walk(Array, Object(Closure))
#19 E:\\retsmd\\leadmanagement\\application\\vendor\\laravel\\framework\\src\\Illuminate\\Foundation\\Bootstrap\\BootProviders.php(17): Illuminate\\Foundation\\Application->boot()
#20 E:\\retsmd\\leadmanagement\\application\\vendor\\laravel\\framework\\src\\Illuminate\\Foundation\\Application.php(237): Illuminate\\Foundation\\Bootstrap\\BootProviders->bootstrap(Object(Illuminate\\Foundation\\Application))
#21 E:\\retsmd\\leadmanagement\\application\\vendor\\laravel\\framework\\src\\Illuminate\\Foundation\\Console\\Kernel.php(310): Illuminate\\Foundation\\Application->bootstrapWith(Array)
#22 E:\\retsmd\\leadmanagement\\application\\vendor\\laravel\\framework\\src\\Illuminate\\Foundation\\Console\\Kernel.php(127): Illuminate\\Foundation\\Console\\Kernel->bootstrap()
#23 E:\\retsmd\\leadmanagement\\application\\artisan(37): Illuminate\\Foundation\\Console\\Kernel->handle(Object(Symfony\\Component\\Console\\Input\\ArgvInput), Object(Symfony\\Component\\Console\\Output\\ConsoleOutput))
#24 {main}

[previous exception] [object] (PDOException(code: 2002): SQLSTATE[HY000] [2002] No connection could be made because the target machine actively refused it at E:\\retsmd\\leadmanagement\\application\\vendor\\laravel\\framework\\src\\Illuminate\\Database\\Connectors\\Connector.php:70)
[stacktrace]
#0 E:\\retsmd\\leadmanagement\\application\\vendor\\laravel\\framework\\src\\Illuminate\\Database\\Connectors\\Connector.php(70): PDO->__construct('mysql:host=loca...', 'u716989511_lead', 'B1sm1ll4h#@!098...', Array)
#1 E:\\retsmd\\leadmanagement\\application\\vendor\\laravel\\framework\\src\\Illuminate\\Database\\Connectors\\Connector.php(46): Illuminate\\Database\\Connectors\\Connector->createPdoConnection('mysql:host=loca...', 'u716989511_lead', 'B1sm1ll4h#@!098...', Array)
#2 E:\\retsmd\\leadmanagement\\application\\vendor\\laravel\\framework\\src\\Illuminate\\Database\\Connectors\\MySqlConnector.php(24): Illuminate\\Database\\Connectors\\Connector->createConnection('mysql:host=loca...', Array, Array)
#3 E:\\retsmd\\leadmanagement\\application\\vendor\\laravel\\framework\\src\\Illuminate\\Database\\Connectors\\ConnectionFactory.php(184): Illuminate\\Database\\Connectors\\MySqlConnector->connect(Array)
#4 [internal function]: Illuminate\\Database\\Connectors\\ConnectionFactory->Illuminate\\Database\\Connectors\\{closure}()
#5 E:\\retsmd\\leadmanagement\\application\\vendor\\laravel\\framework\\src\\Illuminate\\Database\\Connection.php(1064): call_user_func(Object(Closure))
#6 E:\\retsmd\\leadmanagement\\application\\vendor\\laravel\\framework\\src\\Illuminate\\Database\\Connection.php(1100): Illuminate\\Database\\Connection->getPdo()
#7 E:\\retsmd\\leadmanagement\\application\\vendor\\laravel\\framework\\src\\Illuminate\\Database\\Connection.php(442): Illuminate\\Database\\Connection->getReadPdo()
#8 E:\\retsmd\\leadmanagement\\application\\vendor\\laravel\\framework\\src\\Illuminate\\Database\\Connection.php(368): Illuminate\\Database\\Connection->getPdoForSelect(true)
#9 E:\\retsmd\\leadmanagement\\application\\vendor\\laravel\\framework\\src\\Illuminate\\Database\\Connection.php(705): Illuminate\\Database\\Connection->Illuminate\\Database\\{closure}('select count(*)...', Array)
#10 E:\\retsmd\\leadmanagement\\application\\vendor\\laravel\\framework\\src\\Illuminate\\Database\\Connection.php(672): Illuminate\\Database\\Connection->runQueryCallback('select count(*)...', Array, Object(Closure))
#11 E:\\retsmd\\leadmanagement\\application\\vendor\\laravel\\framework\\src\\Illuminate\\Database\\Connection.php(376): Illuminate\\Database\\Connection->run('select count(*)...', Array, Object(Closure))
#12 E:\\retsmd\\leadmanagement\\application\\vendor\\laravel\\framework\\src\\Illuminate\\Database\\Query\\Builder.php(2414): Illuminate\\Database\\Connection->select('select count(*)...', Array, true)
#13 E:\\retsmd\\leadmanagement\\application\\vendor\\laravel\\framework\\src\\Illuminate\\Database\\Query\\Builder.php(2402): Illuminate\\Database\\Query\\Builder->runSelect()
#14 E:\\retsmd\\leadmanagement\\application\\vendor\\laravel\\framework\\src\\Illuminate\\Database\\Query\\Builder.php(2936): Illuminate\\Database\\Query\\Builder->Illuminate\\Database\\Query\\{closure}()
#15 E:\\retsmd\\leadmanagement\\application\\vendor\\laravel\\framework\\src\\Illuminate\\Database\\Query\\Builder.php(2403): Illuminate\\Database\\Query\\Builder->onceWithColumns(Array, Object(Closure))
#16 E:\\retsmd\\leadmanagement\\application\\vendor\\laravel\\framework\\src\\Illuminate\\Database\\Query\\Builder.php(2863): Illuminate\\Database\\Query\\Builder->get(Array)
#17 E:\\retsmd\\leadmanagement\\application\\vendor\\laravel\\framework\\src\\Illuminate\\Database\\Query\\Builder.php(2791): Illuminate\\Database\\Query\\Builder->aggregate('count', Array)
#18 E:\\retsmd\\leadmanagement\\application\\vendor\\laravel\\framework\\src\\Illuminate\\Database\\Eloquent\\Builder.php(1657): Illuminate\\Database\\Query\\Builder->count()
#19 E:\\retsmd\\leadmanagement\\application\\app\\Providers\\UpdateServiceProvider.php(106): Illuminate\\Database\\Eloquent\\Builder->__call('count', Array)
#20 E:\\retsmd\\leadmanagement\\application\\vendor\\laravel\\framework\\src\\Illuminate\\Container\\BoundMethod.php(36): App\\Providers\\UpdateServiceProvider->boot()
#21 E:\\retsmd\\leadmanagement\\application\\vendor\\laravel\\framework\\src\\Illuminate\\Container\\Util.php(40): Illuminate\\Container\\BoundMethod::Illuminate\\Container\\{closure}()
#22 E:\\retsmd\\leadmanagement\\application\\vendor\\laravel\\framework\\src\\Illuminate\\Container\\BoundMethod.php(93): Illuminate\\Container\\Util::unwrapIfClosure(Object(Closure))
#23 E:\\retsmd\\leadmanagement\\application\\vendor\\laravel\\framework\\src\\Illuminate\\Container\\BoundMethod.php(37): Illuminate\\Container\\BoundMethod::callBoundMethod(Object(Illuminate\\Foundation\\Application), Array, Object(Closure))
#24 E:\\retsmd\\leadmanagement\\application\\vendor\\laravel\\framework\\src\\Illuminate\\Container\\Container.php(653): Illuminate\\Container\\BoundMethod::call(Object(Illuminate\\Foundation\\Application), Array, Array, NULL)
#25 E:\\retsmd\\leadmanagement\\application\\vendor\\laravel\\framework\\src\\Illuminate\\Foundation\\Application.php(924): Illuminate\\Container\\Container->call(Array)
#26 E:\\retsmd\\leadmanagement\\application\\vendor\\laravel\\framework\\src\\Illuminate\\Foundation\\Application.php(905): Illuminate\\Foundation\\Application->bootProvider(Object(App\\Providers\\UpdateServiceProvider))
#27 [internal function]: Illuminate\\Foundation\\Application->Illuminate\\Foundation\\{closure}(Object(App\\Providers\\UpdateServiceProvider), 31)
#28 E:\\retsmd\\leadmanagement\\application\\vendor\\laravel\\framework\\src\\Illuminate\\Foundation\\Application.php(906): array_walk(Array, Object(Closure))
#29 E:\\retsmd\\leadmanagement\\application\\vendor\\laravel\\framework\\src\\Illuminate\\Foundation\\Bootstrap\\BootProviders.php(17): Illuminate\\Foundation\\Application->boot()
#30 E:\\retsmd\\leadmanagement\\application\\vendor\\laravel\\framework\\src\\Illuminate\\Foundation\\Application.php(237): Illuminate\\Foundation\\Bootstrap\\BootProviders->bootstrap(Object(Illuminate\\Foundation\\Application))
#31 E:\\retsmd\\leadmanagement\\application\\vendor\\laravel\\framework\\src\\Illuminate\\Foundation\\Console\\Kernel.php(310): Illuminate\\Foundation\\Application->bootstrapWith(Array)
#32 E:\\retsmd\\leadmanagement\\application\\vendor\\laravel\\framework\\src\\Illuminate\\Foundation\\Console\\Kernel.php(127): Illuminate\\Foundation\\Console\\Kernel->bootstrap()
#33 E:\\retsmd\\leadmanagement\\application\\artisan(37): Illuminate\\Foundation\\Console\\Kernel->handle(Object(Symfony\\Component\\Console\\Input\\ArgvInput), Object(Symfony\\Component\\Console\\Output\\ConsoleOutput))
#34 {main}
"} 
[2022-11-29 21:37:43] production.ERROR: App\Providers\ConfigThemeServiceProvider::App\Providers\{closure}(): Argument #2 ($key) must be passed by reference, value given {"exception":"[object] (ErrorException(code: 0): App\\Providers\\ConfigThemeServiceProvider::App\\Providers\\{closure}(): Argument #2 ($key) must be passed by reference, value given at E:\\retsmd\\leadmanagement\\application\\app\\Providers\\ConfigThemeServiceProvider.php:50)
[stacktrace]
#0 [internal function]: Illuminate\\Foundation\\Bootstrap\\HandleExceptions->handleError(2, 'App\\\\Providers\\\\C...', 'E:\\\\retsmd\\\\leadm...', 50)
#1 E:\\retsmd\\leadmanagement\\application\\app\\Providers\\ConfigThemeServiceProvider.php(50): array_walk(Array, Object(Closure))
#2 E:\\retsmd\\leadmanagement\\application\\vendor\\laravel\\framework\\src\\Illuminate\\Container\\BoundMethod.php(36): App\\Providers\\ConfigThemeServiceProvider->boot()
#3 E:\\retsmd\\leadmanagement\\application\\vendor\\laravel\\framework\\src\\Illuminate\\Container\\Util.php(40): Illuminate\\Container\\BoundMethod::Illuminate\\Container\\{closure}()
#4 E:\\retsmd\\leadmanagement\\application\\vendor\\laravel\\framework\\src\\Illuminate\\Container\\BoundMethod.php(93): Illuminate\\Container\\Util::unwrapIfClosure(Object(Closure))
#5 E:\\retsmd\\leadmanagement\\application\\vendor\\laravel\\framework\\src\\Illuminate\\Container\\BoundMethod.php(37): Illuminate\\Container\\BoundMethod::callBoundMethod(Object(Illuminate\\Foundation\\Application), Array, Object(Closure))
#6 E:\\retsmd\\leadmanagement\\application\\vendor\\laravel\\framework\\src\\Illuminate\\Container\\Container.php(653): Illuminate\\Container\\BoundMethod::call(Object(Illuminate\\Foundation\\Application), Array, Array, NULL)
#7 E:\\retsmd\\leadmanagement\\application\\vendor\\laravel\\framework\\src\\Illuminate\\Foundation\\Application.php(924): Illuminate\\Container\\Container->call(Array)
#8 E:\\retsmd\\leadmanagement\\application\\vendor\\laravel\\framework\\src\\Illuminate\\Foundation\\Application.php(905): Illuminate\\Foundation\\Application->bootProvider(Object(App\\Providers\\ConfigThemeServiceProvider))
#9 [internal function]: Illuminate\\Foundation\\Application->Illuminate\\Foundation\\{closure}(Object(App\\Providers\\ConfigThemeServiceProvider), 34)
#10 E:\\retsmd\\leadmanagement\\application\\vendor\\laravel\\framework\\src\\Illuminate\\Foundation\\Application.php(906): array_walk(Array, Object(Closure))
#11 E:\\retsmd\\leadmanagement\\application\\vendor\\laravel\\framework\\src\\Illuminate\\Foundation\\Bootstrap\\BootProviders.php(17): Illuminate\\Foundation\\Application->boot()
#12 E:\\retsmd\\leadmanagement\\application\\vendor\\laravel\\framework\\src\\Illuminate\\Foundation\\Application.php(237): Illuminate\\Foundation\\Bootstrap\\BootProviders->bootstrap(Object(Illuminate\\Foundation\\Application))
#13 E:\\retsmd\\leadmanagement\\application\\vendor\\laravel\\framework\\src\\Illuminate\\Foundation\\Console\\Kernel.php(310): Illuminate\\Foundation\\Application->bootstrapWith(Array)
#14 E:\\retsmd\\leadmanagement\\application\\vendor\\laravel\\framework\\src\\Illuminate\\Foundation\\Console\\Kernel.php(127): Illuminate\\Foundation\\Console\\Kernel->bootstrap()
#15 E:\\retsmd\\leadmanagement\\application\\artisan(37): Illuminate\\Foundation\\Console\\Kernel->handle(Object(Symfony\\Component\\Console\\Input\\ArgvInput), Object(Symfony\\Component\\Console\\Output\\ConsoleOutput))
#16 {main}
"} 
[2022-11-29 21:37:52] production.ERROR: App\Providers\ConfigThemeServiceProvider::App\Providers\{closure}(): Argument #2 ($key) must be passed by reference, value given {"exception":"[object] (ErrorException(code: 0): App\\Providers\\ConfigThemeServiceProvider::App\\Providers\\{closure}(): Argument #2 ($key) must be passed by reference, value given at E:\\retsmd\\leadmanagement\\application\\app\\Providers\\ConfigThemeServiceProvider.php:50)
[stacktrace]
#0 [internal function]: Illuminate\\Foundation\\Bootstrap\\HandleExceptions->handleError(2, 'App\\\\Providers\\\\C...', 'E:\\\\retsmd\\\\leadm...', 50)
#1 E:\\retsmd\\leadmanagement\\application\\app\\Providers\\ConfigThemeServiceProvider.php(50): array_walk(Array, Object(Closure))
#2 E:\\retsmd\\leadmanagement\\application\\vendor\\laravel\\framework\\src\\Illuminate\\Container\\BoundMethod.php(36): App\\Providers\\ConfigThemeServiceProvider->boot()
#3 E:\\retsmd\\leadmanagement\\application\\vendor\\laravel\\framework\\src\\Illuminate\\Container\\Util.php(40): Illuminate\\Container\\BoundMethod::Illuminate\\Container\\{closure}()
#4 E:\\retsmd\\leadmanagement\\application\\vendor\\laravel\\framework\\src\\Illuminate\\Container\\BoundMethod.php(93): Illuminate\\Container\\Util::unwrapIfClosure(Object(Closure))
#5 E:\\retsmd\\leadmanagement\\application\\vendor\\laravel\\framework\\src\\Illuminate\\Container\\BoundMethod.php(37): Illuminate\\Container\\BoundMethod::callBoundMethod(Object(Illuminate\\Foundation\\Application), Array, Object(Closure))
#6 E:\\retsmd\\leadmanagement\\application\\vendor\\laravel\\framework\\src\\Illuminate\\Container\\Container.php(653): Illuminate\\Container\\BoundMethod::call(Object(Illuminate\\Foundation\\Application), Array, Array, NULL)
#7 E:\\retsmd\\leadmanagement\\application\\vendor\\laravel\\framework\\src\\Illuminate\\Foundation\\Application.php(924): Illuminate\\Container\\Container->call(Array)
#8 E:\\retsmd\\leadmanagement\\application\\vendor\\laravel\\framework\\src\\Illuminate\\Foundation\\Application.php(905): Illuminate\\Foundation\\Application->bootProvider(Object(App\\Providers\\ConfigThemeServiceProvider))
#9 [internal function]: Illuminate\\Foundation\\Application->Illuminate\\Foundation\\{closure}(Object(App\\Providers\\ConfigThemeServiceProvider), 34)
#10 E:\\retsmd\\leadmanagement\\application\\vendor\\laravel\\framework\\src\\Illuminate\\Foundation\\Application.php(906): array_walk(Array, Object(Closure))
#11 E:\\retsmd\\leadmanagement\\application\\vendor\\laravel\\framework\\src\\Illuminate\\Foundation\\Bootstrap\\BootProviders.php(17): Illuminate\\Foundation\\Application->boot()
#12 E:\\retsmd\\leadmanagement\\application\\vendor\\laravel\\framework\\src\\Illuminate\\Foundation\\Application.php(237): Illuminate\\Foundation\\Bootstrap\\BootProviders->bootstrap(Object(Illuminate\\Foundation\\Application))
#13 E:\\retsmd\\leadmanagement\\application\\vendor\\laravel\\framework\\src\\Illuminate\\Foundation\\Console\\Kernel.php(310): Illuminate\\Foundation\\Application->bootstrapWith(Array)
#14 E:\\retsmd\\leadmanagement\\application\\vendor\\laravel\\framework\\src\\Illuminate\\Foundation\\Console\\Kernel.php(127): Illuminate\\Foundation\\Console\\Kernel->bootstrap()
#15 E:\\retsmd\\leadmanagement\\application\\artisan(37): Illuminate\\Foundation\\Console\\Kernel->handle(Object(Symfony\\Component\\Console\\Input\\ArgvInput), Object(Symfony\\Component\\Console\\Output\\ConsoleOutput))
#16 {main}
"} 
[2022-11-29 21:40:36] production.ERROR: array_walk(): Argument #1 ($array) must be of type array, string given {"exception":"[object] (TypeError(code: 0): array_walk(): Argument #1 ($array) must be of type array, string given at E:\\retsmd\\leadmanagement\\application\\app\\Providers\\ConfigThemeServiceProvider.php:51)
[stacktrace]
#0 E:\\retsmd\\leadmanagement\\application\\app\\Providers\\ConfigThemeServiceProvider.php(51): array_walk('E:\\\\retsmd\\\\leadm...', Object(Closure))
#1 E:\\retsmd\\leadmanagement\\application\\vendor\\laravel\\framework\\src\\Illuminate\\Container\\BoundMethod.php(36): App\\Providers\\ConfigThemeServiceProvider->boot()
#2 E:\\retsmd\\leadmanagement\\application\\vendor\\laravel\\framework\\src\\Illuminate\\Container\\Util.php(40): Illuminate\\Container\\BoundMethod::Illuminate\\Container\\{closure}()
#3 E:\\retsmd\\leadmanagement\\application\\vendor\\laravel\\framework\\src\\Illuminate\\Container\\BoundMethod.php(93): Illuminate\\Container\\Util::unwrapIfClosure(Object(Closure))
#4 E:\\retsmd\\leadmanagement\\application\\vendor\\laravel\\framework\\src\\Illuminate\\Container\\BoundMethod.php(37): Illuminate\\Container\\BoundMethod::callBoundMethod(Object(Illuminate\\Foundation\\Application), Array, Object(Closure))
#5 E:\\retsmd\\leadmanagement\\application\\vendor\\laravel\\framework\\src\\Illuminate\\Container\\Container.php(653): Illuminate\\Container\\BoundMethod::call(Object(Illuminate\\Foundation\\Application), Array, Array, NULL)
#6 E:\\retsmd\\leadmanagement\\application\\vendor\\laravel\\framework\\src\\Illuminate\\Foundation\\Application.php(924): Illuminate\\Container\\Container->call(Array)
#7 E:\\retsmd\\leadmanagement\\application\\vendor\\laravel\\framework\\src\\Illuminate\\Foundation\\Application.php(905): Illuminate\\Foundation\\Application->bootProvider(Object(App\\Providers\\ConfigThemeServiceProvider))
#8 [internal function]: Illuminate\\Foundation\\Application->Illuminate\\Foundation\\{closure}(Object(App\\Providers\\ConfigThemeServiceProvider), 34)
#9 E:\\retsmd\\leadmanagement\\application\\vendor\\laravel\\framework\\src\\Illuminate\\Foundation\\Application.php(906): array_walk(Array, Object(Closure))
#10 E:\\retsmd\\leadmanagement\\application\\vendor\\laravel\\framework\\src\\Illuminate\\Foundation\\Bootstrap\\BootProviders.php(17): Illuminate\\Foundation\\Application->boot()
#11 E:\\retsmd\\leadmanagement\\application\\vendor\\laravel\\framework\\src\\Illuminate\\Foundation\\Application.php(237): Illuminate\\Foundation\\Bootstrap\\BootProviders->bootstrap(Object(Illuminate\\Foundation\\Application))
#12 E:\\retsmd\\leadmanagement\\application\\vendor\\laravel\\framework\\src\\Illuminate\\Foundation\\Console\\Kernel.php(310): Illuminate\\Foundation\\Application->bootstrapWith(Array)
#13 E:\\retsmd\\leadmanagement\\application\\vendor\\laravel\\framework\\src\\Illuminate\\Foundation\\Console\\Kernel.php(127): Illuminate\\Foundation\\Console\\Kernel->bootstrap()
#14 E:\\retsmd\\leadmanagement\\application\\artisan(37): Illuminate\\Foundation\\Console\\Kernel->handle(Object(Symfony\\Component\\Console\\Input\\ArgvInput), Object(Symfony\\Component\\Console\\Output\\ConsoleOutput))
#15 {main}
"} 
